d:\mygames\crazytank2\crazytank2\debug\crazytanks.bsc
d:\mygames\crazytank2\crazytank2\diag\debug\crazytanks.bsc
d:\mygames\crazytank2\crazytank2\debug\vc120.pdb
d:\mygames\crazytank2\crazytank2\debug\vc120.idb
d:\mygames\crazytank2\crazytank2\debug\wallcreator.sbr
d:\mygames\crazytank2\crazytank2\debug\wallblock.sbr
d:\mygames\crazytank2\crazytank2\debug\wall.sbr
d:\mygames\crazytank2\crazytank2\debug\strongholdcreator.sbr
d:\mygames\crazytank2\crazytank2\debug\stronghold.sbr
d:\mygames\crazytank2\crazytank2\debug\startgame.sbr
d:\mygames\crazytank2\crazytank2\debug\point.sbr
d:\mygames\crazytank2\crazytank2\debug\main.sbr
d:\mygames\crazytank2\crazytank2\debug\input.sbr
d:\mygames\crazytank2\crazytank2\debug\menustate.sbr
d:\mygames\crazytank2\crazytank2\debug\gamestate.sbr
d:\mygames\crazytank2\crazytank2\debug\gamerunning.sbr
d:\mygames\crazytank2\crazytank2\debug\gamepaused.sbr
d:\mygames\crazytank2\crazytank2\debug\entity.sbr
d:\mygames\crazytank2\crazytank2\debug\direction.sbr
d:\mygames\crazytank2\crazytank2\debug\crazytankinput.sbr
d:\mygames\crazytank2\crazytank2\debug\crazytank.sbr
d:\mygames\crazytank2\crazytank2\debug\consolegame.sbr
d:\mygames\crazytank2\crazytank2\debug\command.sbr
d:\mygames\crazytank2\crazytank2\debug\battlefield.sbr
d:\mygames\crazytank2\crazytank2\debug\battlefield.nativecodeanalysis.xml
d:\mygames\crazytank2\crazytank2\debug\command.nativecodeanalysis.xml
d:\mygames\crazytank2\crazytank2\debug\consolegame.nativecodeanalysis.xml
d:\mygames\crazytank2\crazytank2\debug\crazytank.nativecodeanalysis.xml
d:\mygames\crazytank2\crazytank2\debug\crazytankinput.nativecodeanalysis.xml
d:\mygames\crazytank2\crazytank2\debug\direction.nativecodeanalysis.xml
d:\mygames\crazytank2\crazytank2\debug\entity.nativecodeanalysis.xml
d:\mygames\crazytank2\crazytank2\debug\gamepaused.nativecodeanalysis.xml
d:\mygames\crazytank2\crazytank2\debug\gamerunning.nativecodeanalysis.xml
d:\mygames\crazytank2\crazytank2\debug\gamestate.nativecodeanalysis.xml
d:\mygames\crazytank2\crazytank2\debug\menustate.nativecodeanalysis.xml
d:\mygames\crazytank2\crazytank2\debug\input.nativecodeanalysis.xml
d:\mygames\crazytank2\crazytank2\debug\main.nativecodeanalysis.xml
d:\mygames\crazytank2\crazytank2\debug\point.nativecodeanalysis.xml
d:\mygames\crazytank2\crazytank2\debug\startgame.nativecodeanalysis.xml
d:\mygames\crazytank2\crazytank2\debug\stronghold.nativecodeanalysis.xml
d:\mygames\crazytank2\crazytank2\debug\strongholdcreator.nativecodeanalysis.xml
d:\mygames\crazytank2\crazytank2\debug\wall.nativecodeanalysis.xml
d:\mygames\crazytank2\crazytank2\debug\wallblock.nativecodeanalysis.xml
d:\mygames\crazytank2\crazytank2\debug\wallcreator.nativecodeanalysis.xml
d:\mygames\crazytank2\crazytank2\debug\wallcreator.obj
d:\mygames\crazytank2\crazytank2\debug\wallblock.obj
d:\mygames\crazytank2\crazytank2\debug\wall.obj
d:\mygames\crazytank2\crazytank2\debug\strongholdcreator.obj
d:\mygames\crazytank2\crazytank2\debug\stronghold.obj
d:\mygames\crazytank2\crazytank2\debug\startgame.obj
d:\mygames\crazytank2\crazytank2\debug\point.obj
d:\mygames\crazytank2\crazytank2\debug\main.obj
d:\mygames\crazytank2\crazytank2\debug\input.obj
d:\mygames\crazytank2\crazytank2\debug\menustate.obj
d:\mygames\crazytank2\crazytank2\debug\gamestate.obj
d:\mygames\crazytank2\crazytank2\debug\gamerunning.obj
d:\mygames\crazytank2\crazytank2\debug\gamepaused.obj
d:\mygames\crazytank2\crazytank2\debug\entity.obj
d:\mygames\crazytank2\crazytank2\debug\direction.obj
d:\mygames\crazytank2\crazytank2\debug\crazytankinput.obj
d:\mygames\crazytank2\crazytank2\debug\crazytank.obj
d:\mygames\crazytank2\crazytank2\debug\consolegame.obj
d:\mygames\crazytank2\crazytank2\debug\command.obj
d:\mygames\crazytank2\crazytank2\debug\battlefield.obj
d:\mygames\crazytank2\crazytank2\debug\battletank.sbr
d:\mygames\crazytank2\crazytank2\debug\battletank.obj
d:\mygames\crazytank2\crazytank2\debug\playertank.sbr
d:\mygames\crazytank2\crazytank2\debug\moveforward.sbr
d:\mygames\crazytank2\crazytank2\debug\actor.sbr
d:\mygames\crazytank2\crazytank2\debug\action.sbr
d:\mygames\crazytank2\crazytank2\debug\action.obj
d:\mygames\crazytank2\crazytank2\debug\actor.obj
d:\mygames\crazytank2\crazytank2\debug\moveforward.obj
d:\mygames\crazytank2\crazytank2\debug\playertank.obj
d:\mygames\crazytank2\crazytank2\debug\crazytanks.ilk
d:\mygames\crazytank2\crazytank2\debug\crazytanks.exe
d:\mygames\crazytank2\crazytank2\debug\crazytanks.pdb
d:\mygames\crazytank2\crazytank2\diag\debug\crazytanks.ilk
d:\mygames\crazytank2\crazytank2\diag\debug\crazytanks.exe
d:\mygames\crazytank2\crazytank2\diag\debug\crazytanks.pdb
d:\mygames\crazytank2\crazytank2\debug\nativecodeanalysis.read.1.tlog
d:\mygames\crazytank2\crazytank2\debug\vc.nativecodeanalysis.all.xml
d:\mygames\crazytank2\crazytank2\debug\crazytanks.tlog\bscmake.command.1.tlog
d:\mygames\crazytank2\crazytank2\debug\crazytanks.tlog\bscmake.read.1.tlog
d:\mygames\crazytank2\crazytank2\debug\crazytanks.tlog\bscmake.write.1.tlog
d:\mygames\crazytank2\crazytank2\debug\crazytanks.tlog\cl.command.1.tlog
d:\mygames\crazytank2\crazytank2\debug\crazytanks.tlog\cl.read.1.tlog
d:\mygames\crazytank2\crazytank2\debug\crazytanks.tlog\cl.write.1.tlog
d:\mygames\crazytank2\crazytank2\debug\crazytanks.tlog\link.command.1.tlog
d:\mygames\crazytank2\crazytank2\debug\crazytanks.tlog\link.read.1.tlog
d:\mygames\crazytank2\crazytank2\debug\crazytanks.tlog\link.write.1.tlog
